{"target": -1000000000.0, "params": {"detectionthresholdsquare": 0.33708610696262625, "minimalnumberofconnections": 8.60571445127933, "pafthreshold": 0.5257960621774133}, "datetime": {"datetime": "2020-10-01 22:17:57", "elapsed": 0.0, "delta": 0.0}}
{"target": 0.7215027519285384, "params": {"detectionthresholdsquare": 0.5387926357773329, "minimalnumberofconnections": 2.248149123539492, "pafthreshold": 0.15139643821853171}, "datetime": {"datetime": "2020-10-01 22:17:58", "elapsed": 0.518334, "delta": 0.518334}}
{"target": -1000000000.0, "params": {"detectionthresholdsquare": 0.05227525095137952, "minimalnumberofconnections": 7.929409166199481, "pafthreshold": 0.44072475763308566}, "datetime": {"datetime": "2020-10-01 22:17:58", "elapsed": 0.593139, "delta": 0.074805}}
{"target": 0.4200585974700132, "params": {"detectionthresholdsquare": 0.637265320016441, "minimalnumberofconnections": 1.1646759543664196, "pafthreshold": 0.6804414039052963}, "datetime": {"datetime": "2020-10-01 22:17:58", "elapsed": 0.741724, "delta": 0.148585}}
{"target": 0.7199870532085919, "params": {"detectionthresholdsquare": 0.7491983767203796, "minimalnumberofconnections": 2.6987128854262092, "pafthreshold": 0.16818622868461539}, "datetime": {"datetime": "2020-10-01 22:17:58", "elapsed": 1.215469, "delta": 0.473745}}
{"target": 0.650552987329071, "params": {"detectionthresholdsquare": 0.16506405886809045, "minimalnumberofconnections": 3.433937943676302, "pafthreshold": 0.39109168056095456}, "datetime": {"datetime": "2020-10-01 22:17:59", "elapsed": 1.562257, "delta": 0.346788}}
{"target": 0.6165709599598467, "params": {"detectionthresholdsquare": 0.3887505167779042, "minimalnumberofconnections": 3.3298331215843353, "pafthreshold": 0.4477043815695466}, "datetime": {"datetime": "2020-10-01 22:17:59", "elapsed": 1.866241, "delta": 0.303984}}
{"target": 0.6678166592830114, "params": {"detectionthresholdsquare": 0.12554447458683765, "minimalnumberofconnections": 3.3371571882817452, "pafthreshold": 0.28813519814089955}, "datetime": {"datetime": "2020-10-01 22:17:59", "elapsed": 2.209037, "delta": 0.342796}}
{"target": -1000000000.0, "params": {"detectionthresholdsquare": 0.41046298579533236, "minimalnumberofconnections": 7.281407691144109, "pafthreshold": 0.17978795840293382}, "datetime": {"datetime": "2020-10-01 22:17:59", "elapsed": 2.2918, "delta": 0.082763}}
{"target": 0.6328860785984017, "params": {"detectionthresholdsquare": 0.46281099457225044, "minimalnumberofconnections": 5.73931655089634, "pafthreshold": 0.08019276826799852}, "datetime": {"datetime": "2020-10-01 22:18:00", "elapsed": 2.511824, "delta": 0.220024}}
{"target": 0.7183589566187789, "params": {"detectionthresholdsquare": 0.5467903667112946, "minimalnumberofconnections": 2.3641929894983322, "pafthreshold": 0.09228353544043169}, "datetime": {"datetime": "2020-10-01 22:18:00", "elapsed": 2.959831, "delta": 0.448007}}
{"target": -1000000000.0, "params": {"detectionthresholdsquare": 0.8539969835279999, "minimalnumberofconnections": 8.725056264596475, "pafthreshold": 0.5754582762756997}, "datetime": {"datetime": "2020-10-01 22:18:00", "elapsed": 3.016628, "delta": 0.056797}}
{"target": 0.6055321154033705, "params": {"detectionthresholdsquare": 0.2741523922560336, "minimalnumberofconnections": 1.781376912051071, "pafthreshold": 0.4947514672329019}, "datetime": {"datetime": "2020-10-01 22:18:00", "elapsed": 3.394686, "delta": 0.378058}}
{"target": 0.6882931347672371, "params": {"detectionthresholdsquare": 0.3961372443656412, "minimalnumberofconnections": 1.9763058787582306, "pafthreshold": 0.37186499157232555}, "datetime": {"datetime": "2020-10-01 22:18:01", "elapsed": 3.846228, "delta": 0.451542}}
{"target": -1000000000.0, "params": {"detectionthresholdsquare": 0.030949669003696556, "minimalnumberofconnections": 8.274563216630256, "pafthreshold": 0.21820698804001099}, "datetime": {"datetime": "2020-10-01 22:18:01", "elapsed": 3.931694, "delta": 0.085466}}
{"target": 0.650552987329071, "params": {"detectionthresholdsquare": 0.5962700559185838, "minimalnumberofconnections": 3.4936886087152876, "pafthreshold": 0.38804421376557696}, "datetime": {"datetime": "2020-10-01 22:18:01", "elapsed": 4.250158, "delta": 0.318464}}
{"target": 0.4200585974700132, "params": {"detectionthresholdsquare": 0.4920392514089517, "minimalnumberofconnections": 2.4788356442042163, "pafthreshold": 0.680230008046963}, "datetime": {"datetime": "2020-10-01 22:18:01", "elapsed": 4.390641, "delta": 0.140483}}
{"target": -1000000000.0, "params": {"detectionthresholdsquare": 0.6976195410250031, "minimalnumberofconnections": 8.515991532513514, "pafthreshold": 0.6316377777779717}, "datetime": {"datetime": "2020-10-01 22:18:02", "elapsed": 4.563068, "delta": 0.172427}}
{"target": -1000000000.0, "params": {"detectionthresholdsquare": 0.5381099809299766, "minimalnumberofconnections": 8.374993880184935, "pafthreshold": 0.10752012633374766}, "datetime": {"datetime": "2020-10-01 22:18:02", "elapsed": 4.640558, "delta": 0.07749}}
{"target": 0.7176476434030433, "params": {"detectionthresholdsquare": 0.1763845761772307, "minimalnumberofconnections": 1.3618183112843045, "pafthreshold": 0.2614647149961218}, "datetime": {"datetime": "2020-10-01 22:18:02", "elapsed": 5.07954, "delta": 0.438982}}
{"target": 0.6328860785984017, "params": {"detectionthresholdsquare": 0.46438067288617624, "minimalnumberofconnections": 5.302045323580675, "pafthreshold": 0.08152167276654053}, "datetime": {"datetime": "2020-10-01 22:18:03", "elapsed": 5.449819, "delta": 0.370279}}
{"target": 0.5944423954278026, "params": {"detectionthresholdsquare": 0.4184526733632816, "minimalnumberofconnections": 1.4174930389790603, "pafthreshold": 0.5052748638247109}, "datetime": {"datetime": "2020-10-01 22:18:03", "elapsed": 5.90575, "delta": 0.455931}}
{"target": 0.6328860785984017, "params": {"detectionthresholdsquare": 0.4701820947132117, "minimalnumberofconnections": 5.547738349612697, "pafthreshold": 0.0709411379475305}, "datetime": {"datetime": "2020-10-01 22:18:03", "elapsed": 6.229084, "delta": 0.323334}}
{"target": 0.7070213426225336, "params": {"detectionthresholdsquare": 0.5271781553234046, "minimalnumberofconnections": 2.554257557132874, "pafthreshold": 0.3272216697109575}, "datetime": {"datetime": "2020-10-01 22:18:04", "elapsed": 6.747743, "delta": 0.518659}}
{"target": 0.6729915434983145, "params": {"detectionthresholdsquare": 0.4341722262213937, "minimalnumberofconnections": 3.4921250931519277, "pafthreshold": 0.23098239700220097}, "datetime": {"datetime": "2020-10-01 22:18:04", "elapsed": 7.18724, "delta": 0.439497}}
{"target": 0.6343724979833222, "params": {"detectionthresholdsquare": 0.4286672699627866, "minimalnumberofconnections": 5.228689334461268, "pafthreshold": 0.1824237096744304}, "datetime": {"datetime": "2020-10-01 22:18:05", "elapsed": 7.503079, "delta": 0.315839}}
{"target": 0.7102182304466976, "params": {"detectionthresholdsquare": 0.23346628653826243, "minimalnumberofconnections": 1.5051969891359107, "pafthreshold": 0.3177086043851205}, "datetime": {"datetime": "2020-10-01 22:18:05", "elapsed": 7.999083, "delta": 0.496004}}
{"target": 0.5411465465749636, "params": {"detectionthresholdsquare": 0.43325933651315707, "minimalnumberofconnections": 1.2274664701180154, "pafthreshold": 0.532953182271962}, "datetime": {"datetime": "2020-10-01 22:18:05", "elapsed": 8.404897, "delta": 0.405814}}
{"target": 0.5024170225000341, "params": {"detectionthresholdsquare": 0.5293872213414942, "minimalnumberofconnections": 2.2500881037082374, "pafthreshold": 0.5720946613846781}, "datetime": {"datetime": "2020-10-01 22:18:06", "elapsed": 8.759398, "delta": 0.354501}}
{"target": 0.6299985269465158, "params": {"detectionthresholdsquare": 0.4496044427271068, "minimalnumberofconnections": 5.677287142858816, "pafthreshold": 0.11175660746489939}, "datetime": {"datetime": "2020-10-01 22:18:06", "elapsed": 9.052481, "delta": 0.293083}}
{"target": 0.6301763735479428, "params": {"detectionthresholdsquare": 0.4400861850703259, "minimalnumberofconnections": 5.1020908374057, "pafthreshold": 0.09586000163169724}, "datetime": {"datetime": "2020-10-01 22:18:06", "elapsed": 9.370411, "delta": 0.31793}}
{"target": 0.6586991859096324, "params": {"detectionthresholdsquare": 0.31550013019808776, "minimalnumberofconnections": 3.4070816751030195, "pafthreshold": 0.3326325426932208}, "datetime": {"datetime": "2020-10-01 22:18:07", "elapsed": 9.790964, "delta": 0.420553}}
{"target": 0.6305290694553551, "params": {"detectionthresholdsquare": 0.49476380961009797, "minimalnumberofconnections": 5.699371068551721, "pafthreshold": 0.058177147932112996}, "datetime": {"datetime": "2020-10-01 22:18:07", "elapsed": 10.132606, "delta": 0.341642}}
{"target": 0.6319402300082734, "params": {"detectionthresholdsquare": 0.3162206113208381, "minimalnumberofconnections": 5.57941966524893, "pafthreshold": 0.05329205401980417}, "datetime": {"datetime": "2020-10-01 22:18:08", "elapsed": 10.460296, "delta": 0.32769}}
{"target": 0.6631933525579664, "params": {"detectionthresholdsquare": 0.5693026915156831, "minimalnumberofconnections": 3.0077172923731155, "pafthreshold": 0.3220371083867444}, "datetime": {"datetime": "2020-10-01 22:18:08", "elapsed": 10.907947, "delta": 0.447651}}
{"target": 0.6305290694553551, "params": {"detectionthresholdsquare": 0.3656025063938391, "minimalnumberofconnections": 5.6586466165454095, "pafthreshold": 0.05654973192074405}, "datetime": {"datetime": "2020-10-01 22:18:08", "elapsed": 11.227072, "delta": 0.319125}}
{"target": 0.6299985269465158, "params": {"detectionthresholdsquare": 0.3309751727874316, "minimalnumberofconnections": 5.210287152927678, "pafthreshold": 0.10371992652312063}, "datetime": {"datetime": "2020-10-01 22:18:09", "elapsed": 11.543915, "delta": 0.316843}}
{"target": 0.6301763735479428, "params": {"detectionthresholdsquare": 0.3863249463126823, "minimalnumberofconnections": 5.355433471551782, "pafthreshold": 0.09871643405227613}, "datetime": {"datetime": "2020-10-01 22:18:09", "elapsed": 11.887528, "delta": 0.343613}}
{"target": 0.4330858290017146, "params": {"detectionthresholdsquare": 0.5584746053658992, "minimalnumberofconnections": 1.2757671310526817, "pafthreshold": 0.6504033547757566}, "datetime": {"datetime": "2020-10-01 22:18:09", "elapsed": 12.229017, "delta": 0.341489}}
{"target": 0.7199870532085919, "params": {"detectionthresholdsquare": 0.6202803003727192, "minimalnumberofconnections": 2.4815627442783983, "pafthreshold": 0.16883651681143175}, "datetime": {"datetime": "2020-10-01 22:18:10", "elapsed": 12.770068, "delta": 0.541051}}
{"target": 0.5094731310297311, "params": {"detectionthresholdsquare": 0.4150261279725297, "minimalnumberofconnections": 2.4251218558839023, "pafthreshold": 0.5703696331301821}, "datetime": {"datetime": "2020-10-01 22:18:10", "elapsed": 13.148855, "delta": 0.378787}}
{"target": 0.7002270940150306, "params": {"detectionthresholdsquare": 0.30891342960507867, "minimalnumberofconnections": 1.3083985241859075, "pafthreshold": 0.3378393935772342}, "datetime": {"datetime": "2020-10-01 22:18:11", "elapsed": 13.721882, "delta": 0.573027}}
{"target": 0.7165315209638544, "params": {"detectionthresholdsquare": 0.6702270175193865, "minimalnumberofconnections": 2.7408093173367467, "pafthreshold": 0.27312758455354713}, "datetime": {"datetime": "2020-10-01 22:18:11", "elapsed": 14.257034, "delta": 0.535152}}
{"target": 0.6678166592830114, "params": {"detectionthresholdsquare": 0.5413931650528668, "minimalnumberofconnections": 3.505486062462782, "pafthreshold": 0.28059437642830826}, "datetime": {"datetime": "2020-10-01 22:18:12", "elapsed": 14.729491, "delta": 0.472457}}
{"target": 0.4766115955697667, "params": {"detectionthresholdsquare": 0.5188994556332829, "minimalnumberofconnections": 2.5392788648657403, "pafthreshold": 0.5847254415280593}, "datetime": {"datetime": "2020-10-01 22:18:12", "elapsed": 15.098494, "delta": 0.369003}}
{"target": 0.7177805505092371, "params": {"detectionthresholdsquare": 0.4789193608567653, "minimalnumberofconnections": 2.2633995393820854, "pafthreshold": 0.2425986267117976}, "datetime": {"datetime": "2020-10-01 22:18:13", "elapsed": 15.671612, "delta": 0.573118}}
{"target": 0.7200426991311761, "params": {"detectionthresholdsquare": 0.6404544508149345, "minimalnumberofconnections": 2.71525282294969, "pafthreshold": 0.1472953896354612}, "datetime": {"datetime": "2020-10-01 22:18:13", "elapsed": 16.28174, "delta": 0.610128}}
{"target": 0.47132312815382305, "params": {"detectionthresholdsquare": 0.5885129515936839, "minimalnumberofconnections": 1.1999962989889523, "pafthreshold": 0.6008583646876224}, "datetime": {"datetime": "2020-10-01 22:18:14", "elapsed": 16.637778, "delta": 0.356038}}
{"target": 0.6950736518484009, "params": {"detectionthresholdsquare": 0.23701847889658598, "minimalnumberofconnections": 1.3572051819718007, "pafthreshold": 0.3614956386279436}, "datetime": {"datetime": "2020-10-01 22:18:14", "elapsed": 17.195275, "delta": 0.557497}}
{"target": 0.6319402300082734, "params": {"detectionthresholdsquare": 0.38227261087059355, "minimalnumberofconnections": 5.50015366324418, "pafthreshold": 0.05203150306096817}, "datetime": {"datetime": "2020-10-01 22:18:15", "elapsed": 17.566659, "delta": 0.371384}}
{"target": 0.5565210193477265, "params": {"detectionthresholdsquare": 0.383833722438182, "minimalnumberofconnections": 1.8612381439191283, "pafthreshold": 0.5229617068140664}, "datetime": {"datetime": "2020-10-01 22:18:15", "elapsed": 18.025452, "delta": 0.458793}}
{"target": 0.6534676999832547, "params": {"detectionthresholdsquare": 0.5358810021360992, "minimalnumberofconnections": 3.412431503195675, "pafthreshold": 0.3537170478443929}, "datetime": {"datetime": "2020-10-01 22:18:16", "elapsed": 18.461679, "delta": 0.436227}}
{"target": 0.6534676999832547, "params": {"detectionthresholdsquare": 0.4559453972788462, "minimalnumberofconnections": 3.6013179128899626, "pafthreshold": 0.3537351774647834}, "datetime": {"datetime": "2020-10-01 22:18:16", "elapsed": 18.92512, "delta": 0.463441}}
{"target": 0.623585307497613, "params": {"detectionthresholdsquare": 0.2750423006386434, "minimalnumberofconnections": 3.2187944087787947, "pafthreshold": 0.4417820296656305}, "datetime": {"datetime": "2020-10-01 22:18:16", "elapsed": 19.347842, "delta": 0.422722}}
{"target": 0.4543488452963132, "params": {"detectionthresholdsquare": 0.48280437039675467, "minimalnumberofconnections": 2.4002698248425975, "pafthreshold": 0.6212177196311477}, "datetime": {"datetime": "2020-10-01 22:18:17", "elapsed": 19.719505, "delta": 0.371663}}
{"target": 0.6301213971838968, "params": {"detectionthresholdsquare": 0.4567367952962883, "minimalnumberofconnections": 5.181432924049799, "pafthreshold": 0.13380609683271755}, "datetime": {"datetime": "2020-10-01 22:18:17", "elapsed": 20.065348, "delta": 0.345843}}
{"target": 0.6307643613341763, "params": {"detectionthresholdsquare": 0.3803330043238368, "minimalnumberofconnections": 5.130861069987663, "pafthreshold": 0.1485983808306178}, "datetime": {"datetime": "2020-10-01 22:18:17", "elapsed": 20.407976, "delta": 0.342628}}
{"target": 0.6141416118618139, "params": {"detectionthresholdsquare": 0.4621443309123122, "minimalnumberofconnections": 2.970614722031138, "pafthreshold": 0.48547834814184837}, "datetime": {"datetime": "2020-10-01 22:18:18", "elapsed": 20.89938, "delta": 0.491404}}
{"target": 0.6586991859096324, "params": {"detectionthresholdsquare": 0.18394852636527112, "minimalnumberofconnections": 3.383349054594317, "pafthreshold": 0.3311788018349189}, "datetime": {"datetime": "2020-10-01 22:18:18", "elapsed": 21.409477, "delta": 0.510097}}
{"target": 0.6514134652519187, "params": {"detectionthresholdsquare": 0.33721372858118104, "minimalnumberofconnections": 1.7792857398061424, "pafthreshold": 0.44501341759719953}, "datetime": {"datetime": "2020-10-01 22:18:19", "elapsed": 21.932188, "delta": 0.522711}}
{"target": 0.6328860785984017, "params": {"detectionthresholdsquare": 0.4261497228744846, "minimalnumberofconnections": 5.7074232000318235, "pafthreshold": 0.0767215726378075}, "datetime": {"datetime": "2020-10-01 22:18:19", "elapsed": 22.325302, "delta": 0.393114}}
{"target": 0.5686853871018507, "params": {"detectionthresholdsquare": 0.39326907676021017, "minimalnumberofconnections": 2.0646507681514707, "pafthreshold": 0.5188664187990624}, "datetime": {"datetime": "2020-10-01 22:18:20", "elapsed": 22.771923, "delta": 0.446621}}
{"target": 0.4651120560496423, "params": {"detectionthresholdsquare": 0.45206899274115, "minimalnumberofconnections": 2.609861124922679, "pafthreshold": 0.6069284963553809}, "datetime": {"datetime": "2020-10-01 22:18:20", "elapsed": 23.138309, "delta": 0.366386}}
{"target": 0.6299985269465158, "params": {"detectionthresholdsquare": 0.5045035375270259, "minimalnumberofconnections": 5.6945534151014074, "pafthreshold": 0.10302350629456382}, "datetime": {"datetime": "2020-10-01 22:18:21", "elapsed": 23.537918, "delta": 0.399609}}
{"target": 0.6299985269465158, "params": {"detectionthresholdsquare": 0.4066800700292088, "minimalnumberofconnections": 5.197008999359406, "pafthreshold": 0.10294642713800897}, "datetime": {"datetime": "2020-10-01 22:18:21", "elapsed": 23.950966, "delta": 0.413048}}
{"target": 0.6299985269465158, "params": {"detectionthresholdsquare": 0.4642128365139358, "minimalnumberofconnections": 5.453429612506741, "pafthreshold": 0.11017490181619105}, "datetime": {"datetime": "2020-10-01 22:18:21", "elapsed": 24.339876, "delta": 0.38891}}
{"target": 0.6534676999832547, "params": {"detectionthresholdsquare": 0.47965338183264894, "minimalnumberofconnections": 3.5276066535229944, "pafthreshold": 0.35326821341742665}, "datetime": {"datetime": "2020-10-01 22:18:22", "elapsed": 24.842268, "delta": 0.502392}}
{"target": 0.4197812069520348, "params": {"detectionthresholdsquare": 0.5728036333669558, "minimalnumberofconnections": 1.1835763867097073, "pafthreshold": 0.6674747651754007}, "datetime": {"datetime": "2020-10-01 22:18:22", "elapsed": 25.142331, "delta": 0.300063}}
{"target": 0.6299985269465158, "params": {"detectionthresholdsquare": 0.43231192434126137, "minimalnumberofconnections": 5.007455008402412, "pafthreshold": 0.12578928967698028}, "datetime": {"datetime": "2020-10-01 22:18:23", "elapsed": 25.640919, "delta": 0.498588}}
{"target": 0.6678166592830114, "params": {"detectionthresholdsquare": 0.35483556024248214, "minimalnumberofconnections": 3.591086966505405, "pafthreshold": 0.28272318468535723}, "datetime": {"datetime": "2020-10-01 22:18:23", "elapsed": 26.140213, "delta": 0.499294}}
